  [1m[35m (363.6ms)[0m  [1m[35mCREATE DATABASE "viewtube_development" ENCODING = 'unicode'[0m
  ↳ bin/rails:9
  [1m[35m (344.3ms)[0m  [1m[35mCREATE DATABASE "viewtube_test" ENCODING = 'unicode'[0m
  ↳ bin/rails:9
  [1m[35m (8.6ms)[0m  [1m[35mCREATE TABLE "schema_migrations" ("version" character varying NOT NULL PRIMARY KEY)[0m
  ↳ /Users/justin/.rbenv/versions/2.5.1/bin/rake:23
  [1m[35m (3.3ms)[0m  [1m[35mCREATE TABLE "ar_internal_metadata" ("key" character varying NOT NULL PRIMARY KEY, "value" character varying, "created_at" timestamp NOT NULL, "updated_at" timestamp NOT NULL)[0m
  ↳ /Users/justin/.rbenv/versions/2.5.1/bin/rake:23
  [1m[35m (0.4ms)[0m  [1m[34mSELECT pg_try_advisory_lock(678487658725666545)[0m
  ↳ /Users/justin/.rbenv/versions/2.5.1/bin/rake:23
  [1m[35m (0.6ms)[0m  [1m[34mSELECT "schema_migrations"."version" FROM "schema_migrations" ORDER BY "schema_migrations"."version" ASC[0m
  ↳ /Users/justin/.rbenv/versions/2.5.1/bin/rake:23
Migrating to CreateUser (20190909201437)
  [1m[35m (0.2ms)[0m  [1m[35mBEGIN[0m
  ↳ /Users/justin/.rbenv/versions/2.5.1/bin/rake:23
  [1m[35m (2.9ms)[0m  [1m[35mCREATE TABLE "users" ("id" bigserial primary key)[0m
  ↳ db/migrate/20190909201437_create_user.rb:3
  [1m[36mActiveRecord::SchemaMigration Create (0.4ms)[0m  [1m[32mINSERT INTO "schema_migrations" ("version") VALUES ($1) RETURNING "version"[0m  [["version", "20190909201437"]]
  ↳ /Users/justin/.rbenv/versions/2.5.1/bin/rake:23
  [1m[35m (0.5ms)[0m  [1m[35mCOMMIT[0m
  ↳ /Users/justin/.rbenv/versions/2.5.1/bin/rake:23
  [1m[36mActiveRecord::InternalMetadata Load (0.4ms)[0m  [1m[34mSELECT  "ar_internal_metadata".* FROM "ar_internal_metadata" WHERE "ar_internal_metadata"."key" = $1 LIMIT $2[0m  [["key", "environment"], ["LIMIT", 1]]
  ↳ /Users/justin/.rbenv/versions/2.5.1/bin/rake:23
  [1m[35m (0.1ms)[0m  [1m[35mBEGIN[0m
  ↳ /Users/justin/.rbenv/versions/2.5.1/bin/rake:23
  [1m[36mActiveRecord::InternalMetadata Create (0.4ms)[0m  [1m[32mINSERT INTO "ar_internal_metadata" ("key", "value", "created_at", "updated_at") VALUES ($1, $2, $3, $4) RETURNING "key"[0m  [["key", "environment"], ["value", "development"], ["created_at", "2019-09-09 20:15:53.690344"], ["updated_at", "2019-09-09 20:15:53.690344"]]
  ↳ /Users/justin/.rbenv/versions/2.5.1/bin/rake:23
  [1m[35m (0.4ms)[0m  [1m[35mCOMMIT[0m
  ↳ /Users/justin/.rbenv/versions/2.5.1/bin/rake:23
  [1m[35m (0.3ms)[0m  [1m[34mSELECT pg_advisory_unlock(678487658725666545)[0m
  ↳ /Users/justin/.rbenv/versions/2.5.1/bin/rake:23
  [1m[35m (0.2ms)[0m  [1m[34mSELECT "schema_migrations"."version" FROM "schema_migrations" ORDER BY "schema_migrations"."version" ASC[0m
  ↳ /Users/justin/.rbenv/versions/2.5.1/bin/rake:23
  [1m[35m (0.6ms)[0m  [1m[34mSELECT "schema_migrations"."version" FROM "schema_migrations" ORDER BY "schema_migrations"."version" ASC[0m
  ↳ /Users/justin/.rbenv/versions/2.5.1/bin/rake:23
  [1m[35m (0.2ms)[0m  [1m[34mSELECT "schema_migrations"."version" FROM "schema_migrations" ORDER BY "schema_migrations"."version" ASC[0m
  ↳ /Users/justin/.rbenv/versions/2.5.1/bin/rake:23
  [1m[35m (0.2ms)[0m  [1m[34mSELECT "schema_migrations"."version" FROM "schema_migrations" ORDER BY "schema_migrations"."version" ASC[0m
  ↳ /Users/justin/.rbenv/versions/2.5.1/bin/rake:23
  [1m[35m (0.2ms)[0m  [1m[34mSELECT pg_try_advisory_lock(678487658725666545)[0m
  ↳ /Users/justin/.rbenv/versions/2.5.1/bin/rake:23
  [1m[35m (0.2ms)[0m  [1m[34mSELECT "schema_migrations"."version" FROM "schema_migrations" ORDER BY "schema_migrations"."version" ASC[0m
  ↳ /Users/justin/.rbenv/versions/2.5.1/bin/rake:23
Migrating to CreateUser (20190909201437)
  [1m[35m (0.1ms)[0m  [1m[35mBEGIN[0m
  ↳ /Users/justin/.rbenv/versions/2.5.1/bin/rake:23
  [1m[35m (3.3ms)[0m  [1m[35mDROP TABLE "users"[0m
  ↳ /Users/justin/.rbenv/versions/2.5.1/bin/rake:23
  [1m[36mActiveRecord::SchemaMigration Destroy (0.5ms)[0m  [1m[31mDELETE FROM "schema_migrations" WHERE "schema_migrations"."version" = $1[0m  [["version", "20190909201437"]]
  ↳ /Users/justin/.rbenv/versions/2.5.1/bin/rake:23
  [1m[35m (3.4ms)[0m  [1m[35mCOMMIT[0m
  ↳ /Users/justin/.rbenv/versions/2.5.1/bin/rake:23
  [1m[35m (0.3ms)[0m  [1m[34mSELECT pg_advisory_unlock(678487658725666545)[0m
  ↳ /Users/justin/.rbenv/versions/2.5.1/bin/rake:23
  [1m[35m (0.3ms)[0m  [1m[34mSELECT "schema_migrations"."version" FROM "schema_migrations" ORDER BY "schema_migrations"."version" ASC[0m
  ↳ /Users/justin/.rbenv/versions/2.5.1/bin/rake:23
  [1m[35m (0.7ms)[0m  [1m[34mSELECT "schema_migrations"."version" FROM "schema_migrations" ORDER BY "schema_migrations"."version" ASC[0m
  ↳ /Users/justin/.rbenv/versions/2.5.1/bin/rake:23
  [1m[35m (0.2ms)[0m  [1m[34mSELECT "schema_migrations"."version" FROM "schema_migrations" ORDER BY "schema_migrations"."version" ASC[0m
  ↳ /Users/justin/.rbenv/versions/2.5.1/bin/rake:23
  [1m[35m (0.2ms)[0m  [1m[34mSELECT pg_try_advisory_lock(678487658725666545)[0m
  ↳ /Users/justin/.rbenv/versions/2.5.1/bin/rake:23
  [1m[35m (0.2ms)[0m  [1m[34mSELECT "schema_migrations"."version" FROM "schema_migrations" ORDER BY "schema_migrations"."version" ASC[0m
  ↳ /Users/justin/.rbenv/versions/2.5.1/bin/rake:23
  [1m[35m (0.2ms)[0m  [1m[34mSELECT pg_advisory_unlock(678487658725666545)[0m
  ↳ /Users/justin/.rbenv/versions/2.5.1/bin/rake:23
  [1m[35m (0.2ms)[0m  [1m[34mSELECT "schema_migrations"."version" FROM "schema_migrations" ORDER BY "schema_migrations"."version" ASC[0m
  ↳ /Users/justin/.rbenv/versions/2.5.1/bin/rake:23
  [1m[35m (0.1ms)[0m  [1m[34mSELECT pg_try_advisory_lock(678487658725666545)[0m
  ↳ bin/rails:9
  [1m[35m (0.6ms)[0m  [1m[34mSELECT "schema_migrations"."version" FROM "schema_migrations" ORDER BY "schema_migrations"."version" ASC[0m
  ↳ bin/rails:9
Migrating to CreateUsers (20190909201717)
  [1m[35m (0.2ms)[0m  [1m[35mBEGIN[0m
  ↳ bin/rails:9
  [1m[35m (7.8ms)[0m  [1m[35mCREATE TABLE "users" ("id" bigserial primary key, "username" character varying NOT NULL, "email" character varying NOT NULL, "password_digest" character varying NOT NULL, "session_token" character varying NOT NULL, "created_at" timestamp NOT NULL, "updated_at" timestamp NOT NULL)[0m
  ↳ db/migrate/20190909201717_create_users.rb:3
  [1m[35m (1.4ms)[0m  [1m[35mCREATE UNIQUE INDEX  "index_users_on_username" ON "users"  ("username")[0m
  ↳ db/migrate/20190909201717_create_users.rb:11
  [1m[35m (1.1ms)[0m  [1m[35mCREATE UNIQUE INDEX  "index_users_on_email" ON "users"  ("email")[0m
  ↳ db/migrate/20190909201717_create_users.rb:12
  [1m[35m (1.1ms)[0m  [1m[35mCREATE UNIQUE INDEX  "index_users_on_session_token" ON "users"  ("session_token")[0m
  ↳ db/migrate/20190909201717_create_users.rb:13
  [1m[36mActiveRecord::SchemaMigration Create (0.4ms)[0m  [1m[32mINSERT INTO "schema_migrations" ("version") VALUES ($1) RETURNING "version"[0m  [["version", "20190909201717"]]
  ↳ bin/rails:9
  [1m[35m (0.7ms)[0m  [1m[35mCOMMIT[0m
  ↳ bin/rails:9
Migrating to CreateVideos (20190909202427)
  [1m[35m (0.3ms)[0m  [1m[35mBEGIN[0m
  ↳ bin/rails:9
  [1m[35m (5.0ms)[0m  [1m[35mCREATE TABLE "videos" ("id" bigserial primary key, "author_id" integer NOT NULL, "title" character varying NOT NULL, "description" character varying NOT NULL, "created_at" timestamp NOT NULL, "updated_at" timestamp NOT NULL)[0m
  ↳ db/migrate/20190909202427_create_videos.rb:3
  [1m[35m (1.3ms)[0m  [1m[35mCREATE UNIQUE INDEX  "index_videos_on_author_id" ON "videos"  ("author_id")[0m
  ↳ db/migrate/20190909202427_create_videos.rb:10
  [1m[35m (1.1ms)[0m  [1m[35mCREATE UNIQUE INDEX  "index_videos_on_title" ON "videos"  ("title")[0m
  ↳ db/migrate/20190909202427_create_videos.rb:11
  [1m[36mActiveRecord::SchemaMigration Create (0.2ms)[0m  [1m[32mINSERT INTO "schema_migrations" ("version") VALUES ($1) RETURNING "version"[0m  [["version", "20190909202427"]]
  ↳ bin/rails:9
  [1m[35m (0.4ms)[0m  [1m[35mCOMMIT[0m
  ↳ bin/rails:9
Migrating to CreateComments (20190909203122)
  [1m[35m (0.3ms)[0m  [1m[35mBEGIN[0m
  ↳ bin/rails:9
  [1m[35m (5.4ms)[0m  [1m[35mCREATE TABLE "comments" ("id" bigserial primary key, "author_id" integer NOT NULL, "video_id" integer NOT NULL, "body" character varying NOT NULL, "created_at" timestamp NOT NULL, "updated_at" timestamp NOT NULL)[0m
  ↳ db/migrate/20190909203122_create_comments.rb:3
  [1m[35m (2.4ms)[0m  [1m[31mROLLBACK[0m
  ↳ bin/rails:9
  [1m[35m (0.6ms)[0m  [1m[34mSELECT pg_advisory_unlock(678487658725666545)[0m
  ↳ bin/rails:9
  [1m[35m (0.2ms)[0m  [1m[34mSELECT pg_try_advisory_lock(678487658725666545)[0m
  ↳ bin/rails:9
  [1m[35m (0.8ms)[0m  [1m[34mSELECT "schema_migrations"."version" FROM "schema_migrations" ORDER BY "schema_migrations"."version" ASC[0m
  ↳ bin/rails:9
Migrating to CreateComments (20190909203122)
  [1m[35m (0.1ms)[0m  [1m[35mBEGIN[0m
  ↳ bin/rails:9
  [1m[35m (5.6ms)[0m  [1m[35mCREATE TABLE "comments" ("id" bigserial primary key, "author_id" integer NOT NULL, "video_id" integer NOT NULL, "body" character varying NOT NULL, "created_at" timestamp NOT NULL, "updated_at" timestamp NOT NULL)[0m
  ↳ db/migrate/20190909203122_create_comments.rb:3
  [1m[35m (1.0ms)[0m  [1m[35mCREATE UNIQUE INDEX  "index_comments_on_author_id" ON "comments"  ("author_id")[0m
  ↳ db/migrate/20190909203122_create_comments.rb:10
  [1m[35m (1.0ms)[0m  [1m[35mCREATE UNIQUE INDEX  "index_comments_on_video_id" ON "comments"  ("video_id")[0m
  ↳ db/migrate/20190909203122_create_comments.rb:11
  [1m[36mActiveRecord::SchemaMigration Create (0.7ms)[0m  [1m[32mINSERT INTO "schema_migrations" ("version") VALUES ($1) RETURNING "version"[0m  [["version", "20190909203122"]]
  ↳ bin/rails:9
  [1m[35m (0.6ms)[0m  [1m[35mCOMMIT[0m
  ↳ bin/rails:9
Migrating to CreateLikes (20190909203218)
  [1m[35m (0.3ms)[0m  [1m[35mBEGIN[0m
  ↳ bin/rails:9
  [1m[35m (2.5ms)[0m  [1m[35mCREATE TABLE "likes" ("id" bigserial primary key, "author_id" integer NOT NULL, "video_id" integer NOT NULL, "created_at" timestamp NOT NULL, "updated_at" timestamp NOT NULL)[0m
  ↳ db/migrate/20190909203218_create_likes.rb:3
  [1m[35m (1.1ms)[0m  [1m[35mCREATE UNIQUE INDEX  "index_likes_on_video_id" ON "likes"  ("video_id")[0m
  ↳ db/migrate/20190909203218_create_likes.rb:9
  [1m[35m (1.1ms)[0m  [1m[35mCREATE UNIQUE INDEX  "index_likes_on_author_id" ON "likes"  ("author_id")[0m
  ↳ db/migrate/20190909203218_create_likes.rb:10
  [1m[36mActiveRecord::SchemaMigration Create (0.3ms)[0m  [1m[32mINSERT INTO "schema_migrations" ("version") VALUES ($1) RETURNING "version"[0m  [["version", "20190909203218"]]
  ↳ bin/rails:9
  [1m[35m (0.5ms)[0m  [1m[35mCOMMIT[0m
  ↳ bin/rails:9
Migrating to CreateDislikes (20190909203223)
  [1m[35m (0.4ms)[0m  [1m[35mBEGIN[0m
  ↳ bin/rails:9
  [1m[35m (2.5ms)[0m  [1m[35mCREATE TABLE "dislikes" ("id" bigserial primary key, "author_id" integer NOT NULL, "video_id" integer NOT NULL, "created_at" timestamp NOT NULL, "updated_at" timestamp NOT NULL)[0m
  ↳ db/migrate/20190909203223_create_dislikes.rb:3
  [1m[35m (1.2ms)[0m  [1m[31mROLLBACK[0m
  ↳ bin/rails:9
  [1m[35m (0.2ms)[0m  [1m[34mSELECT pg_advisory_unlock(678487658725666545)[0m
  ↳ bin/rails:9
  [1m[35m (0.7ms)[0m  [1m[34mSELECT "schema_migrations"."version" FROM "schema_migrations" ORDER BY "schema_migrations"."version" ASC[0m
  ↳ /Users/justin/.rbenv/versions/2.5.1/bin/rake:23
  [1m[35m (0.3ms)[0m  [1m[34mSELECT "schema_migrations"."version" FROM "schema_migrations" ORDER BY "schema_migrations"."version" ASC[0m
  ↳ /Users/justin/.rbenv/versions/2.5.1/bin/rake:23
  [1m[35m (0.2ms)[0m  [1m[34mSELECT "schema_migrations"."version" FROM "schema_migrations" ORDER BY "schema_migrations"."version" ASC[0m
  ↳ /Users/justin/.rbenv/versions/2.5.1/bin/rake:23
  [1m[35m (0.2ms)[0m  [1m[34mSELECT pg_try_advisory_lock(678487658725666545)[0m
  ↳ /Users/justin/.rbenv/versions/2.5.1/bin/rake:23
  [1m[35m (0.2ms)[0m  [1m[34mSELECT "schema_migrations"."version" FROM "schema_migrations" ORDER BY "schema_migrations"."version" ASC[0m
  ↳ /Users/justin/.rbenv/versions/2.5.1/bin/rake:23
Migrating to CreateLikes (20190909203218)
  [1m[35m (0.1ms)[0m  [1m[35mBEGIN[0m
  ↳ /Users/justin/.rbenv/versions/2.5.1/bin/rake:23
  [1m[35m (0.6ms)[0m  [1m[35mDROP INDEX  "index_likes_on_author_id"[0m
  ↳ /Users/justin/.rbenv/versions/2.5.1/bin/rake:23
  [1m[35m (0.2ms)[0m  [1m[35mDROP INDEX  "index_likes_on_video_id"[0m
  ↳ /Users/justin/.rbenv/versions/2.5.1/bin/rake:23
  [1m[35m (1.1ms)[0m  [1m[35mDROP TABLE "likes"[0m
  ↳ /Users/justin/.rbenv/versions/2.5.1/bin/rake:23
  [1m[36mActiveRecord::SchemaMigration Destroy (0.5ms)[0m  [1m[31mDELETE FROM "schema_migrations" WHERE "schema_migrations"."version" = $1[0m  [["version", "20190909203218"]]
  ↳ /Users/justin/.rbenv/versions/2.5.1/bin/rake:23
  [1m[35m (3.4ms)[0m  [1m[35mCOMMIT[0m
  ↳ /Users/justin/.rbenv/versions/2.5.1/bin/rake:23
  [1m[35m (0.2ms)[0m  [1m[34mSELECT pg_advisory_unlock(678487658725666545)[0m
  ↳ /Users/justin/.rbenv/versions/2.5.1/bin/rake:23
  [1m[35m (0.2ms)[0m  [1m[34mSELECT "schema_migrations"."version" FROM "schema_migrations" ORDER BY "schema_migrations"."version" ASC[0m
  ↳ /Users/justin/.rbenv/versions/2.5.1/bin/rake:23
  [1m[35m (0.1ms)[0m  [1m[34mSELECT pg_try_advisory_lock(678487658725666545)[0m
  ↳ bin/rails:9
  [1m[35m (0.7ms)[0m  [1m[34mSELECT "schema_migrations"."version" FROM "schema_migrations" ORDER BY "schema_migrations"."version" ASC[0m
  ↳ bin/rails:9
Migrating to CreateLikes (20190909203218)
  [1m[35m (0.1ms)[0m  [1m[35mBEGIN[0m
  ↳ bin/rails:9
  [1m[35m (5.0ms)[0m  [1m[35mCREATE TABLE "likes" ("id" bigserial primary key, "author_id" integer NOT NULL, "video_id" integer NOT NULL, "created_at" timestamp NOT NULL, "updated_at" timestamp NOT NULL)[0m
  ↳ db/migrate/20190909203218_create_likes.rb:3
  [1m[35m (1.3ms)[0m  [1m[35mCREATE UNIQUE INDEX  "index_likes_on_video_id" ON "likes"  ("video_id")[0m
  ↳ db/migrate/20190909203218_create_likes.rb:9
  [1m[35m (1.1ms)[0m  [1m[35mCREATE UNIQUE INDEX  "index_likes_on_author_id" ON "likes"  ("author_id")[0m
  ↳ db/migrate/20190909203218_create_likes.rb:10
  [1m[36mActiveRecord::SchemaMigration Create (0.3ms)[0m  [1m[32mINSERT INTO "schema_migrations" ("version") VALUES ($1) RETURNING "version"[0m  [["version", "20190909203218"]]
  ↳ bin/rails:9
  [1m[35m (0.5ms)[0m  [1m[35mCOMMIT[0m
  ↳ bin/rails:9
Migrating to CreateDislikes (20190909203223)
  [1m[35m (0.2ms)[0m  [1m[35mBEGIN[0m
  ↳ bin/rails:9
  [1m[35m (2.6ms)[0m  [1m[35mCREATE TABLE "dislikes" ("id" bigserial primary key, "author_id" integer NOT NULL, "video_id" integer NOT NULL, "created_at" timestamp NOT NULL, "updated_at" timestamp NOT NULL)[0m
  ↳ db/migrate/20190909203223_create_dislikes.rb:3
  [1m[35m (1.0ms)[0m  [1m[35mCREATE UNIQUE INDEX  "index_dislikes_on_video_id" ON "dislikes"  ("video_id")[0m
  ↳ db/migrate/20190909203223_create_dislikes.rb:9
  [1m[35m (1.0ms)[0m  [1m[35mCREATE UNIQUE INDEX  "index_dislikes_on_author_id" ON "dislikes"  ("author_id")[0m
  ↳ db/migrate/20190909203223_create_dislikes.rb:10
  [1m[36mActiveRecord::SchemaMigration Create (0.3ms)[0m  [1m[32mINSERT INTO "schema_migrations" ("version") VALUES ($1) RETURNING "version"[0m  [["version", "20190909203223"]]
  ↳ bin/rails:9
  [1m[35m (0.4ms)[0m  [1m[35mCOMMIT[0m
  ↳ bin/rails:9
  [1m[36mActiveRecord::InternalMetadata Load (0.4ms)[0m  [1m[34mSELECT  "ar_internal_metadata".* FROM "ar_internal_metadata" WHERE "ar_internal_metadata"."key" = $1 LIMIT $2[0m  [["key", "environment"], ["LIMIT", 1]]
  ↳ bin/rails:9
  [1m[35m (0.2ms)[0m  [1m[35mBEGIN[0m
  ↳ bin/rails:9
  [1m[35m (0.1ms)[0m  [1m[35mCOMMIT[0m
  ↳ bin/rails:9
  [1m[35m (0.2ms)[0m  [1m[34mSELECT pg_advisory_unlock(678487658725666545)[0m
  ↳ bin/rails:9
  [1m[35m (0.2ms)[0m  [1m[34mSELECT "schema_migrations"."version" FROM "schema_migrations" ORDER BY "schema_migrations"."version" ASC[0m
  ↳ bin/rails:9
  [1m[35m (1.4ms)[0m  [1m[34mSELECT "schema_migrations"."version" FROM "schema_migrations" ORDER BY "schema_migrations"."version" ASC[0m
  ↳ /Users/justin/.rbenv/versions/2.5.1/bin/annotate:23
  [1m[35m (0.6ms)[0m  [1m[34mSELECT "schema_migrations"."version" FROM "schema_migrations" ORDER BY "schema_migrations"."version" ASC[0m
  ↳ /Users/justin/.rbenv/versions/2.5.1/bin/annotate:23
Started GET "/users/new" for ::1 at 2019-09-09 17:30:52 -0700
  [1m[35m (0.9ms)[0m  [1m[34mSELECT "schema_migrations"."version" FROM "schema_migrations" ORDER BY "schema_migrations"."version" ASC[0m
  ↳ /Users/justin/.rbenv/versions/2.5.1/lib/ruby/gems/2.5.0/gems/activerecord-5.2.3/lib/active_record/log_subscriber.rb:98
  
ActionController::RoutingError (No route matches [GET] "/users/new"):
  
actionpack (5.2.3) lib/action_dispatch/middleware/debug_exceptions.rb:65:in `call'
web-console (3.7.0) lib/web_console/middleware.rb:135:in `call_app'
web-console (3.7.0) lib/web_console/middleware.rb:30:in `block in call'
web-console (3.7.0) lib/web_console/middleware.rb:20:in `catch'
web-console (3.7.0) lib/web_console/middleware.rb:20:in `call'
actionpack (5.2.3) lib/action_dispatch/middleware/show_exceptions.rb:33:in `call'
railties (5.2.3) lib/rails/rack/logger.rb:38:in `call_app'
railties (5.2.3) lib/rails/rack/logger.rb:26:in `block in call'
activesupport (5.2.3) lib/active_support/tagged_logging.rb:71:in `block in tagged'
activesupport (5.2.3) lib/active_support/tagged_logging.rb:28:in `tagged'
activesupport (5.2.3) lib/active_support/tagged_logging.rb:71:in `tagged'
railties (5.2.3) lib/rails/rack/logger.rb:26:in `call'
sprockets-rails (3.2.1) lib/sprockets/rails/quiet_assets.rb:13:in `call'
actionpack (5.2.3) lib/action_dispatch/middleware/remote_ip.rb:81:in `call'
actionpack (5.2.3) lib/action_dispatch/middleware/request_id.rb:27:in `call'
rack (2.0.7) lib/rack/method_override.rb:22:in `call'
rack (2.0.7) lib/rack/runtime.rb:22:in `call'
activesupport (5.2.3) lib/active_support/cache/strategy/local_cache_middleware.rb:29:in `call'
actionpack (5.2.3) lib/action_dispatch/middleware/executor.rb:14:in `call'
actionpack (5.2.3) lib/action_dispatch/middleware/static.rb:127:in `call'
rack (2.0.7) lib/rack/sendfile.rb:111:in `call'
railties (5.2.3) lib/rails/engine.rb:524:in `call'
puma (3.12.1) lib/puma/configuration.rb:227:in `call'
puma (3.12.1) lib/puma/server.rb:660:in `handle_request'
puma (3.12.1) lib/puma/server.rb:474:in `process_client'
puma (3.12.1) lib/puma/server.rb:334:in `block in run'
puma (3.12.1) lib/puma/thread_pool.rb:135:in `block in spawn_thread'
Started GET "/" for ::1 at 2019-09-09 17:30:55 -0700

SyntaxError - syntax error, unexpected tLABEL
...y(session_token: session_token: session[:session_token])
...                 ^~~~~~~~~~~~~~
/Users/justin/Desktop/viewtube/app/controllers/application_controller.rb:8: syntax error, unexpected ')', expecting keyword_end
...token: session[:session_token])
...                              ^
/Users/justin/Desktop/viewtube/app/controllers/application_controller.rb:28: syntax error, unexpected end-of-input, expecting keyword_end:
  app/controllers/application_controller.rb:8:in `'
  app/controllers/static_pages_controller.rb:1:in `<top (required)>'

Started POST "/__better_errors/4c9524d9364689b3/variables" for ::1 at 2019-09-09 17:30:55 -0700
Started GET "/" for ::1 at 2019-09-09 17:31:54 -0700
Processing by StaticPagesController#root as HTML
Completed 406 Not Acceptable in 47ms (ActiveRecord: 0.0ms)



ActionController::UnknownFormat - StaticPagesController#root is missing a template for this request format and variant.

request.formats: ["text/html"]
request.variant: []

NOTE! For XHR/Ajax or API requests, this action would normally respond with 204 No Content: an empty white screen. Since you're loading it in a web browser, we assume that you expected to actually render a template, not nothing, so we're showing an error to be extra-clear. If you expect 204 No Content, carry on. That's what you'll get from an XHR or API request. Give it a shot.:

Started POST "/__better_errors/68bd7cee93633684/variables" for ::1 at 2019-09-09 17:31:54 -0700
Started GET "/" for ::1 at 2019-09-09 17:34:32 -0700

SyntaxError - syntax error, unexpected '<'
    <main id="root"></main>
    ^
/Users/justin/Desktop/viewtube/app/controllers/static_pages_controller.rb:4: syntax error, unexpected '<'
    <main id="root"></main>
                    ^
/Users/justin/Desktop/viewtube/app/controllers/static_pages_controller.rb:7: unterminated regexp meets end of file
/Users/justin/Desktop/viewtube/app/controllers/static_pages_controller.rb:7: syntax error, unexpected end-of-input, expecting keyword_end:
  app/controllers/static_pages_controller.rb:4:in `'

Started POST "/__better_errors/86698e078db69967/variables" for ::1 at 2019-09-09 17:34:33 -0700
Started GET "/" for ::1 at 2019-09-09 17:49:11 -0700
Processing by StaticPagesController#root as HTML
  Rendering static_pages/root.html.erb within layouts/application
  Rendered static_pages/root.html.erb within layouts/application (0.3ms)
Completed 200 OK in 1472ms (Views: 1469.9ms | ActiveRecord: 0.0ms)


Started GET "/" for ::1 at 2019-09-10 09:18:06 -0700
Processing by StaticPagesController#root as HTML
  Rendering static_pages/root.html.erb within layouts/application
  Rendered static_pages/root.html.erb within layouts/application (8.8ms)
Completed 200 OK in 268ms (Views: 242.9ms | ActiveRecord: 0.0ms)


Started GET "/" for ::1 at 2019-09-10 09:37:57 -0700
Processing by StaticPagesController#root as HTML
  Rendering static_pages/root.html.erb within layouts/application
  Rendered static_pages/root.html.erb within layouts/application (0.3ms)
Completed 200 OK in 367ms (Views: 365.3ms | ActiveRecord: 0.0ms)


Started GET "/" for ::1 at 2019-09-10 09:48:11 -0700
Processing by StaticPagesController#root as HTML
  Rendering static_pages/root.html.erb within layouts/application
  Rendered static_pages/root.html.erb within layouts/application (0.3ms)
Completed 200 OK in 340ms (Views: 338.3ms | ActiveRecord: 0.0ms)


Started GET "/" for ::1 at 2019-09-10 09:50:29 -0700
Processing by StaticPagesController#root as HTML
  Rendering static_pages/root.html.erb within layouts/application
  Rendered static_pages/root.html.erb within layouts/application (0.3ms)
Completed 200 OK in 342ms (Views: 339.8ms | ActiveRecord: 0.0ms)


Started GET "/" for ::1 at 2019-09-10 09:50:42 -0700
Processing by StaticPagesController#root as HTML
  Rendering static_pages/root.html.erb within layouts/application
  Rendered static_pages/root.html.erb within layouts/application (0.3ms)
Completed 200 OK in 24ms (Views: 22.9ms | ActiveRecord: 0.0ms)


Started GET "/" for ::1 at 2019-09-10 11:08:02 -0700
Processing by StaticPagesController#root as HTML
  Rendering static_pages/root.html.erb within layouts/application
  Rendered static_pages/root.html.erb within layouts/application (0.3ms)
Completed 200 OK in 348ms (Views: 346.0ms | ActiveRecord: 0.0ms)


Started GET "/" for ::1 at 2019-09-10 11:10:59 -0700
Processing by StaticPagesController#root as HTML
  Rendering static_pages/root.html.erb within layouts/application
  Rendered static_pages/root.html.erb within layouts/application (0.2ms)
Completed 200 OK in 338ms (Views: 336.4ms | ActiveRecord: 0.0ms)


Started GET "/" for ::1 at 2019-09-10 11:12:48 -0700
Processing by StaticPagesController#root as HTML
  Rendering static_pages/root.html.erb within layouts/application
  Rendered static_pages/root.html.erb within layouts/application (0.4ms)
Completed 200 OK in 35ms (Views: 33.5ms | ActiveRecord: 0.0ms)


Started GET "/" for ::1 at 2019-09-10 11:13:52 -0700
Processing by StaticPagesController#root as HTML
  Rendering static_pages/root.html.erb within layouts/application
  Rendered static_pages/root.html.erb within layouts/application (0.3ms)
Completed 200 OK in 29ms (Views: 26.5ms | ActiveRecord: 0.0ms)


Started GET "/" for ::1 at 2019-09-10 11:15:35 -0700
Processing by StaticPagesController#root as HTML
  Rendering static_pages/root.html.erb within layouts/application
  Rendered static_pages/root.html.erb within layouts/application (0.2ms)
Completed 200 OK in 37ms (Views: 35.9ms | ActiveRecord: 0.0ms)


Started GET "/" for ::1 at 2019-09-10 11:17:13 -0700
Processing by StaticPagesController#root as HTML
  Rendering static_pages/root.html.erb within layouts/application
  Rendered static_pages/root.html.erb within layouts/application (0.9ms)
Completed 200 OK in 37ms (Views: 35.8ms | ActiveRecord: 0.0ms)


Started GET "/" for ::1 at 2019-09-10 11:17:47 -0700
Processing by StaticPagesController#root as HTML
  Rendering static_pages/root.html.erb within layouts/application
  Rendered static_pages/root.html.erb within layouts/application (0.2ms)
Completed 200 OK in 37ms (Views: 35.6ms | ActiveRecord: 0.0ms)


Started GET "/" for ::1 at 2019-09-10 11:25:13 -0700
Processing by StaticPagesController#root as HTML
  Rendering static_pages/root.html.erb within layouts/application
  Rendered static_pages/root.html.erb within layouts/application (0.3ms)
Completed 200 OK in 337ms (Views: 335.1ms | ActiveRecord: 0.0ms)


Started GET "/" for ::1 at 2019-09-10 11:33:33 -0700
Processing by StaticPagesController#root as HTML
  Rendering static_pages/root.html.erb within layouts/application
  Rendered static_pages/root.html.erb within layouts/application (0.3ms)
Completed 200 OK in 342ms (Views: 340.9ms | ActiveRecord: 0.0ms)


Started GET "/" for ::1 at 2019-09-10 11:36:12 -0700
Processing by StaticPagesController#root as HTML
  Rendering static_pages/root.html.erb within layouts/application
  Rendered static_pages/root.html.erb within layouts/application (0.3ms)
Completed 200 OK in 333ms (Views: 332.0ms | ActiveRecord: 0.0ms)


Started GET "/" for ::1 at 2019-09-10 11:38:18 -0700
Processing by StaticPagesController#root as HTML
  Rendering static_pages/root.html.erb within layouts/application
  Rendered static_pages/root.html.erb within layouts/application (0.3ms)
Completed 200 OK in 331ms (Views: 329.7ms | ActiveRecord: 0.0ms)


Started GET "/" for ::1 at 2019-09-10 11:44:46 -0700
Processing by StaticPagesController#root as HTML
  Rendering static_pages/root.html.erb within layouts/application
  Rendered static_pages/root.html.erb within layouts/application (0.2ms)
Completed 200 OK in 342ms (Views: 340.9ms | ActiveRecord: 0.0ms)


Started GET "/" for ::1 at 2019-09-10 11:49:03 -0700
Processing by StaticPagesController#root as HTML
  Rendering static_pages/root.html.erb within layouts/application
  Rendered static_pages/root.html.erb within layouts/application (0.2ms)
Completed 200 OK in 341ms (Views: 339.3ms | ActiveRecord: 0.0ms)


Started GET "/" for ::1 at 2019-09-10 11:49:31 -0700
Processing by StaticPagesController#root as HTML
  Rendering static_pages/root.html.erb within layouts/application
  Rendered static_pages/root.html.erb within layouts/application (0.3ms)
Completed 200 OK in 361ms (Views: 358.2ms | ActiveRecord: 0.0ms)


Started GET "/" for ::1 at 2019-09-10 11:58:47 -0700
Processing by StaticPagesController#root as HTML
  Rendering static_pages/root.html.erb within layouts/application
  Rendered static_pages/root.html.erb within layouts/application (0.2ms)
Completed 200 OK in 353ms (Views: 351.4ms | ActiveRecord: 0.0ms)


Started GET "/" for ::1 at 2019-09-10 12:09:54 -0700
Processing by StaticPagesController#root as HTML
  Rendering static_pages/root.html.erb within layouts/application
  Rendered static_pages/root.html.erb within layouts/application (0.3ms)
Completed 200 OK in 340ms (Views: 338.5ms | ActiveRecord: 0.0ms)


Started GET "/" for ::1 at 2019-09-10 12:15:50 -0700
Processing by StaticPagesController#root as HTML
  Rendering static_pages/root.html.erb within layouts/application
  Rendered static_pages/root.html.erb within layouts/application (0.3ms)
Completed 200 OK in 336ms (Views: 334.8ms | ActiveRecord: 0.0ms)


Started GET "/" for ::1 at 2019-09-10 12:21:44 -0700
Processing by StaticPagesController#root as HTML
  Rendering static_pages/root.html.erb within layouts/application
  Rendered static_pages/root.html.erb within layouts/application (0.4ms)
Completed 200 OK in 356ms (Views: 354.1ms | ActiveRecord: 0.0ms)


Started GET "/" for ::1 at 2019-09-10 12:22:26 -0700
Processing by StaticPagesController#root as HTML
  Rendering static_pages/root.html.erb within layouts/application
  Rendered static_pages/root.html.erb within layouts/application (0.3ms)
Completed 200 OK in 342ms (Views: 340.2ms | ActiveRecord: 0.0ms)


Started GET "/" for ::1 at 2019-09-10 12:22:50 -0700
Processing by StaticPagesController#root as HTML
  Rendering static_pages/root.html.erb within layouts/application
  Rendered static_pages/root.html.erb within layouts/application (0.2ms)
Completed 200 OK in 355ms (Views: 353.6ms | ActiveRecord: 0.0ms)


Started GET "/" for ::1 at 2019-09-10 13:39:01 -0700
Processing by StaticPagesController#root as HTML
  Rendering static_pages/root.html.erb within layouts/application
  Rendered static_pages/root.html.erb within layouts/application (0.3ms)
Completed 200 OK in 32ms (Views: 30.2ms | ActiveRecord: 0.0ms)


Started GET "/" for ::1 at 2019-09-10 13:42:21 -0700
Processing by StaticPagesController#root as HTML
  Rendering static_pages/root.html.erb within layouts/application
  Rendered static_pages/root.html.erb within layouts/application (0.3ms)
Completed 200 OK in 351ms (Views: 349.8ms | ActiveRecord: 0.0ms)


Started GET "/" for ::1 at 2019-09-10 13:45:14 -0700
Processing by StaticPagesController#root as HTML
  Rendering static_pages/root.html.erb within layouts/application
  Rendered static_pages/root.html.erb within layouts/application (0.2ms)
Completed 200 OK in 28ms (Views: 27.2ms | ActiveRecord: 0.0ms)


Started GET "/" for ::1 at 2019-09-10 13:54:17 -0700
Processing by StaticPagesController#root as HTML
  Rendering static_pages/root.html.erb within layouts/application
  Rendered static_pages/root.html.erb within layouts/application (0.2ms)
Completed 200 OK in 351ms (Views: 350.0ms | ActiveRecord: 0.0ms)


Started GET "/" for ::1 at 2019-09-10 14:00:06 -0700
Processing by StaticPagesController#root as HTML
  Rendering static_pages/root.html.erb within layouts/application
  Rendered static_pages/root.html.erb within layouts/application (0.2ms)
Completed 200 OK in 351ms (Views: 350.1ms | ActiveRecord: 0.0ms)


Started GET "/" for ::1 at 2019-09-10 14:06:49 -0700
Processing by StaticPagesController#root as HTML
  Rendering static_pages/root.html.erb within layouts/application
  Rendered static_pages/root.html.erb within layouts/application (0.3ms)
Completed 200 OK in 34ms (Views: 32.7ms | ActiveRecord: 0.0ms)


Started GET "/" for ::1 at 2019-09-10 14:13:53 -0700
Processing by StaticPagesController#root as HTML
  Rendering static_pages/root.html.erb within layouts/application
  Rendered static_pages/root.html.erb within layouts/application (0.2ms)
Completed 200 OK in 380ms (Views: 378.4ms | ActiveRecord: 0.0ms)


Started GET "/" for ::1 at 2019-09-10 14:14:16 -0700
Processing by StaticPagesController#root as HTML
  Rendering static_pages/root.html.erb within layouts/application
  Rendered static_pages/root.html.erb within layouts/application (0.3ms)
Completed 200 OK in 36ms (Views: 34.1ms | ActiveRecord: 0.0ms)


Started GET "/" for ::1 at 2019-09-10 14:15:46 -0700
Processing by StaticPagesController#root as HTML
  Rendering static_pages/root.html.erb within layouts/application
  Rendered static_pages/root.html.erb within layouts/application (0.3ms)
Completed 200 OK in 348ms (Views: 346.8ms | ActiveRecord: 0.0ms)


Started GET "/" for ::1 at 2019-09-10 14:23:41 -0700
Processing by StaticPagesController#root as HTML
  Rendering static_pages/root.html.erb within layouts/application
  Rendered static_pages/root.html.erb within layouts/application (0.4ms)
Completed 200 OK in 357ms (Views: 356.0ms | ActiveRecord: 0.0ms)


Started GET "/" for ::1 at 2019-09-10 14:24:59 -0700
  [1m[35m (2.1ms)[0m  [1m[34mSELECT "schema_migrations"."version" FROM "schema_migrations" ORDER BY "schema_migrations"."version" ASC[0m
  ↳ /Users/justin/.rbenv/versions/2.5.1/lib/ruby/gems/2.5.0/gems/activerecord-5.2.3/lib/active_record/log_subscriber.rb:98
Processing by StaticPagesController#root as HTML
  Rendering static_pages/root.html.erb within layouts/application
  Rendered static_pages/root.html.erb within layouts/application (1.4ms)
Completed 200 OK in 1168ms (Views: 1161.6ms | ActiveRecord: 0.0ms)


Started GET "/" for ::1 at 2019-09-10 14:28:35 -0700
Processing by StaticPagesController#root as HTML
  Rendering static_pages/root.html.erb within layouts/application
  Rendered static_pages/root.html.erb within layouts/application (0.5ms)
Completed 200 OK in 345ms (Views: 343.3ms | ActiveRecord: 0.0ms)


Started GET "/" for ::1 at 2019-09-10 14:33:26 -0700
Processing by StaticPagesController#root as HTML
  Rendering static_pages/root.html.erb within layouts/application
  Rendered static_pages/root.html.erb within layouts/application (0.2ms)
Completed 200 OK in 351ms (Views: 349.7ms | ActiveRecord: 0.0ms)


Started GET "/" for ::1 at 2019-09-10 14:34:18 -0700
Processing by StaticPagesController#root as HTML
  Rendering static_pages/root.html.erb within layouts/application
  Rendered static_pages/root.html.erb within layouts/application (0.3ms)
Completed 200 OK in 345ms (Views: 343.8ms | ActiveRecord: 0.0ms)


Started GET "/" for ::1 at 2019-09-10 14:34:25 -0700
Processing by StaticPagesController#root as HTML
  Rendering static_pages/root.html.erb within layouts/application
  Rendered static_pages/root.html.erb within layouts/application (0.4ms)
Completed 200 OK in 29ms (Views: 26.9ms | ActiveRecord: 0.0ms)


Started GET "/" for ::1 at 2019-09-10 14:35:11 -0700
Processing by StaticPagesController#root as HTML
  Rendering static_pages/root.html.erb within layouts/application
  Rendered static_pages/root.html.erb within layouts/application (0.2ms)
Completed 200 OK in 351ms (Views: 350.0ms | ActiveRecord: 0.0ms)


Started GET "/" for ::1 at 2019-09-10 14:36:54 -0700
Processing by StaticPagesController#root as HTML
  Rendering static_pages/root.html.erb within layouts/application
  Rendered static_pages/root.html.erb within layouts/application (0.6ms)
Completed 200 OK in 348ms (Views: 346.5ms | ActiveRecord: 0.0ms)


Started GET "/" for ::1 at 2019-09-10 14:37:50 -0700
Processing by StaticPagesController#root as HTML
  Rendering static_pages/root.html.erb within layouts/application
  Rendered static_pages/root.html.erb within layouts/application (0.5ms)
Completed 200 OK in 361ms (Views: 359.8ms | ActiveRecord: 0.0ms)


Started GET "/" for ::1 at 2019-09-10 14:39:21 -0700
Processing by StaticPagesController#root as HTML
  Rendering static_pages/root.html.erb within layouts/application
  Rendered static_pages/root.html.erb within layouts/application (0.3ms)
Completed 200 OK in 386ms (Views: 384.4ms | ActiveRecord: 0.0ms)


Started GET "/" for ::1 at 2019-09-10 14:44:16 -0700
Processing by StaticPagesController#root as HTML
  Rendering static_pages/root.html.erb within layouts/application
  Rendered static_pages/root.html.erb within layouts/application (0.3ms)
Completed 200 OK in 346ms (Views: 344.9ms | ActiveRecord: 0.0ms)


Started GET "/" for ::1 at 2019-09-10 14:44:19 -0700
Processing by StaticPagesController#root as HTML
  Rendering static_pages/root.html.erb within layouts/application
  Rendered static_pages/root.html.erb within layouts/application (0.5ms)
Completed 200 OK in 25ms (Views: 23.9ms | ActiveRecord: 0.0ms)


Started GET "/" for ::1 at 2019-09-10 14:44:19 -0700
Processing by StaticPagesController#root as HTML
  Rendering static_pages/root.html.erb within layouts/application
  Rendered static_pages/root.html.erb within layouts/application (0.3ms)
Completed 200 OK in 37ms (Views: 35.4ms | ActiveRecord: 0.0ms)


Started POST "/api/users" for ::1 at 2019-09-10 14:44:28 -0700
Processing by Api::UsersController#create as JSON
  Parameters: {"user"=>{"username"=>"aaa", "email"=>"a@gmail.com", "password"=>"[FILTERED]"}}
  [1m[35m (2.0ms)[0m  [1m[35mBEGIN[0m
  ↳ app/controllers/api/users_controller.rb:4
  [1m[36mUser Exists (11.0ms)[0m  [1m[34mSELECT  1 AS one FROM "users" WHERE "users"."username" = $1 LIMIT $2[0m  [["username", "aaa"], ["LIMIT", 1]]
  ↳ app/controllers/api/users_controller.rb:4
  [1m[36mUser Exists (0.5ms)[0m  [1m[34mSELECT  1 AS one FROM "users" WHERE "users"."session_token" = $1 LIMIT $2[0m  [["session_token", "0HKBquduDPijvsNG6wMDuw"], ["LIMIT", 1]]
  ↳ app/controllers/api/users_controller.rb:4
  [1m[36mUser Create (24.4ms)[0m  [1m[32mINSERT INTO "users" ("username", "email", "password_digest", "session_token", "created_at", "updated_at") VALUES ($1, $2, $3, $4, $5, $6) RETURNING "id"[0m  [["username", "aaa"], ["email", "a@gmail.com"], ["password_digest", "$2a$12$/TOWX9QbpIUY0ykcOx4jqumWTPr9Xd7JPGbpeD9e9poE/j8.gF6zW"], ["session_token", "0HKBquduDPijvsNG6wMDuw"], ["created_at", "2019-09-10 21:44:29.055948"], ["updated_at", "2019-09-10 21:44:29.055948"]]
  ↳ app/controllers/api/users_controller.rb:4
  [1m[35m (7.0ms)[0m  [1m[35mCOMMIT[0m
  ↳ app/controllers/api/users_controller.rb:4
Completed 500 Internal Server Error in 355ms (ActiveRecord: 65.3ms)



NoMethodError - undefined method `login!' for #<Api::UsersController:0x00007fe34e69dbe0>
Did you mean?  login:
  app/controllers/api/users_controller.rb:5:in `create'

Started GET "/" for ::1 at 2019-09-10 14:45:05 -0700
Processing by StaticPagesController#root as HTML
  Rendering static_pages/root.html.erb within layouts/application
  Rendered static_pages/root.html.erb within layouts/application (0.2ms)
Completed 200 OK in 29ms (Views: 27.6ms | ActiveRecord: 0.0ms)


Started POST "/api/users" for ::1 at 2019-09-10 14:45:12 -0700
Processing by Api::UsersController#create as JSON
  Parameters: {"user"=>{"username"=>"aaa", "email"=>"a@gmail.com", "password"=>"[FILTERED]"}}
  [1m[35m (0.2ms)[0m  [1m[35mBEGIN[0m
  ↳ app/controllers/api/users_controller.rb:4
  [1m[36mUser Exists (0.4ms)[0m  [1m[34mSELECT  1 AS one FROM "users" WHERE "users"."username" = $1 LIMIT $2[0m  [["username", "aaa"], ["LIMIT", 1]]
  ↳ app/controllers/api/users_controller.rb:4
  [1m[36mUser Exists (0.5ms)[0m  [1m[34mSELECT  1 AS one FROM "users" WHERE "users"."session_token" = $1 LIMIT $2[0m  [["session_token", "Ixz2QB1yCZWHO9sf35lSsw"], ["LIMIT", 1]]
  ↳ app/controllers/api/users_controller.rb:4
  [1m[35m (6.8ms)[0m  [1m[31mROLLBACK[0m
  ↳ app/controllers/api/users_controller.rb:4
Completed 422 Unprocessable Entity in 259ms (Views: 0.2ms | ActiveRecord: 15.6ms)


Started POST "/api/users" for ::1 at 2019-09-10 14:46:02 -0700
Processing by Api::UsersController#create as JSON
  Parameters: {"user"=>{"username"=>"bbb", "email"=>"b@gmail.com", "password"=>"[FILTERED]"}}
  [1m[35m (0.2ms)[0m  [1m[35mBEGIN[0m
  ↳ app/controllers/api/users_controller.rb:4
  [1m[36mUser Exists (0.3ms)[0m  [1m[34mSELECT  1 AS one FROM "users" WHERE "users"."username" = $1 LIMIT $2[0m  [["username", "bbb"], ["LIMIT", 1]]
  ↳ app/controllers/api/users_controller.rb:4
  [1m[36mUser Exists (0.2ms)[0m  [1m[34mSELECT  1 AS one FROM "users" WHERE "users"."session_token" = $1 LIMIT $2[0m  [["session_token", "CN9jbBLPielJD8q6_lUz9g"], ["LIMIT", 1]]
  ↳ app/controllers/api/users_controller.rb:4
  [1m[36mUser Create (0.3ms)[0m  [1m[32mINSERT INTO "users" ("username", "email", "password_digest", "session_token", "created_at", "updated_at") VALUES ($1, $2, $3, $4, $5, $6) RETURNING "id"[0m  [["username", "bbb"], ["email", "b@gmail.com"], ["password_digest", "$2a$12$dONigGBT1ODiQRfw.iXY2OV/BL.nwT5ntvBOWmqZhIk3PHUqZXhHS"], ["session_token", "CN9jbBLPielJD8q6_lUz9g"], ["created_at", "2019-09-10 21:46:02.937072"], ["updated_at", "2019-09-10 21:46:02.937072"]]
  ↳ app/controllers/api/users_controller.rb:4
  [1m[35m (1.9ms)[0m  [1m[35mCOMMIT[0m
  ↳ app/controllers/api/users_controller.rb:4
  [1m[35m (0.2ms)[0m  [1m[35mBEGIN[0m
  ↳ app/models/user.rb:55
  [1m[36mUser Exists (0.5ms)[0m  [1m[34mSELECT  1 AS one FROM "users" WHERE "users"."username" = $1 AND "users"."id" != $2 LIMIT $3[0m  [["username", "bbb"], ["id", 2], ["LIMIT", 1]]
  ↳ app/models/user.rb:55
  [1m[36mUser Exists (0.3ms)[0m  [1m[34mSELECT  1 AS one FROM "users" WHERE "users"."session_token" = $1 AND "users"."id" != $2 LIMIT $3[0m  [["session_token", "_g-LzobYvkmhrsWR_1L1iQ"], ["id", 2], ["LIMIT", 1]]
  ↳ app/models/user.rb:55
  [1m[36mUser Update (0.7ms)[0m  [1m[33mUPDATE "users" SET "session_token" = $1, "updated_at" = $2 WHERE "users"."id" = $3[0m  [["session_token", "_g-LzobYvkmhrsWR_1L1iQ"], ["updated_at", "2019-09-10 21:46:02.943664"], ["id", 2]]
  ↳ app/models/user.rb:55
  [1m[35m (0.5ms)[0m  [1m[35mCOMMIT[0m
  ↳ app/models/user.rb:55
  Rendering api/users/show.json.jbuilder
  Rendered api/users/show.json.jbuilder (0.4ms)
Completed 200 OK in 230ms (Views: 5.4ms | ActiveRecord: 5.1ms)


Started GET "/" for ::1 at 2019-09-10 14:46:41 -0700
Processing by StaticPagesController#root as HTML
  Rendering static_pages/root.html.erb within layouts/application
  Rendered static_pages/root.html.erb within layouts/application (0.3ms)
Completed 200 OK in 346ms (Views: 344.2ms | ActiveRecord: 0.0ms)


Started POST "/api/users" for ::1 at 2019-09-10 14:46:50 -0700
Processing by Api::UsersController#create as JSON
  Parameters: {"user"=>{"username"=>"ccc", "email"=>"c@gmail.com", "password"=>"[FILTERED]"}}
  [1m[35m (0.2ms)[0m  [1m[35mBEGIN[0m
  ↳ app/controllers/api/users_controller.rb:4
  [1m[36mUser Exists (0.3ms)[0m  [1m[34mSELECT  1 AS one FROM "users" WHERE "users"."username" = $1 LIMIT $2[0m  [["username", "ccc"], ["LIMIT", 1]]
  ↳ app/controllers/api/users_controller.rb:4
  [1m[36mUser Exists (0.2ms)[0m  [1m[34mSELECT  1 AS one FROM "users" WHERE "users"."session_token" = $1 LIMIT $2[0m  [["session_token", "ITREQoq-axo6R6t5AfSdEA"], ["LIMIT", 1]]
  ↳ app/controllers/api/users_controller.rb:4
  [1m[36mUser Create (0.3ms)[0m  [1m[32mINSERT INTO "users" ("username", "email", "password_digest", "session_token", "created_at", "updated_at") VALUES ($1, $2, $3, $4, $5, $6) RETURNING "id"[0m  [["username", "ccc"], ["email", "c@gmail.com"], ["password_digest", "$2a$12$LGabxxqznd1O0Ih.nPl22euIKYnHIWMr3ozWWDqDSWw3G0cQ.4Z5S"], ["session_token", "ITREQoq-axo6R6t5AfSdEA"], ["created_at", "2019-09-10 21:46:50.403809"], ["updated_at", "2019-09-10 21:46:50.403809"]]
  ↳ app/controllers/api/users_controller.rb:4
  [1m[35m (0.5ms)[0m  [1m[35mCOMMIT[0m
  ↳ app/controllers/api/users_controller.rb:4
  [1m[35m (0.2ms)[0m  [1m[35mBEGIN[0m
  ↳ app/models/user.rb:55
  [1m[36mUser Exists (0.4ms)[0m  [1m[34mSELECT  1 AS one FROM "users" WHERE "users"."username" = $1 AND "users"."id" != $2 LIMIT $3[0m  [["username", "ccc"], ["id", 3], ["LIMIT", 1]]
  ↳ app/models/user.rb:55
  [1m[36mUser Exists (0.3ms)[0m  [1m[34mSELECT  1 AS one FROM "users" WHERE "users"."session_token" = $1 AND "users"."id" != $2 LIMIT $3[0m  [["session_token", "s6Vl3T8D8MO-w-GfCFzh7w"], ["id", 3], ["LIMIT", 1]]
  ↳ app/models/user.rb:55
  [1m[36mUser Update (0.4ms)[0m  [1m[33mUPDATE "users" SET "session_token" = $1, "updated_at" = $2 WHERE "users"."id" = $3[0m  [["session_token", "s6Vl3T8D8MO-w-GfCFzh7w"], ["updated_at", "2019-09-10 21:46:50.408907"], ["id", 3]]
  ↳ app/models/user.rb:55
  [1m[35m (0.5ms)[0m  [1m[35mCOMMIT[0m
  ↳ app/models/user.rb:55
  Rendering api/users/show.json.jbuilder
  Rendered api/users/show.json.jbuilder (0.4ms)
Completed 200 OK in 234ms (Views: 4.2ms | ActiveRecord: 3.3ms)


Started GET "/" for ::1 at 2019-09-10 14:47:57 -0700
Processing by StaticPagesController#root as HTML
  Rendering static_pages/root.html.erb within layouts/application
  Rendered static_pages/root.html.erb within layouts/application (0.3ms)
Completed 200 OK in 364ms (Views: 362.5ms | ActiveRecord: 0.0ms)


Started POST "/api/users" for ::1 at 2019-09-10 14:48:07 -0700
Processing by Api::UsersController#create as JSON
  Parameters: {"user"=>{"username"=>"ddd", "email"=>"d@gmail.com", "password"=>"[FILTERED]"}}
  [1m[35m (0.2ms)[0m  [1m[35mBEGIN[0m
  ↳ app/controllers/api/users_controller.rb:4
  [1m[36mUser Exists (0.4ms)[0m  [1m[34mSELECT  1 AS one FROM "users" WHERE "users"."username" = $1 LIMIT $2[0m  [["username", "ddd"], ["LIMIT", 1]]
  ↳ app/controllers/api/users_controller.rb:4
  [1m[36mUser Exists (0.3ms)[0m  [1m[34mSELECT  1 AS one FROM "users" WHERE "users"."session_token" = $1 LIMIT $2[0m  [["session_token", "977xybCYt3-f7fkyibXMVw"], ["LIMIT", 1]]
  ↳ app/controllers/api/users_controller.rb:4
  [1m[36mUser Create (0.3ms)[0m  [1m[32mINSERT INTO "users" ("username", "email", "password_digest", "session_token", "created_at", "updated_at") VALUES ($1, $2, $3, $4, $5, $6) RETURNING "id"[0m  [["username", "ddd"], ["email", "d@gmail.com"], ["password_digest", "$2a$12$YhCIxauPme98at9HcUb1i.pbJ5n3KpANlLaQpmfzjzEIgA5ywX7PS"], ["session_token", "977xybCYt3-f7fkyibXMVw"], ["created_at", "2019-09-10 21:48:07.489145"], ["updated_at", "2019-09-10 21:48:07.489145"]]
  ↳ app/controllers/api/users_controller.rb:4
  [1m[35m (0.8ms)[0m  [1m[35mCOMMIT[0m
  ↳ app/controllers/api/users_controller.rb:4
  [1m[35m (0.2ms)[0m  [1m[35mBEGIN[0m
  ↳ app/models/user.rb:55
  [1m[36mUser Exists (0.3ms)[0m  [1m[34mSELECT  1 AS one FROM "users" WHERE "users"."username" = $1 AND "users"."id" != $2 LIMIT $3[0m  [["username", "ddd"], ["id", 4], ["LIMIT", 1]]
  ↳ app/models/user.rb:55
  [1m[36mUser Exists (0.3ms)[0m  [1m[34mSELECT  1 AS one FROM "users" WHERE "users"."session_token" = $1 AND "users"."id" != $2 LIMIT $3[0m  [["session_token", "_1kJmBkG68biRtm9VfJRyw"], ["id", 4], ["LIMIT", 1]]
  ↳ app/models/user.rb:55
  [1m[36mUser Update (1.3ms)[0m  [1m[33mUPDATE "users" SET "session_token" = $1, "updated_at" = $2 WHERE "users"."id" = $3[0m  [["session_token", "_1kJmBkG68biRtm9VfJRyw"], ["updated_at", "2019-09-10 21:48:07.493903"], ["id", 4]]
  ↳ app/models/user.rb:55
  [1m[35m (0.6ms)[0m  [1m[35mCOMMIT[0m
  ↳ app/models/user.rb:55
  Rendering api/users/show.json.jbuilder
  Rendered api/users/show.json.jbuilder (0.3ms)
Completed 200 OK in 227ms (Views: 5.0ms | ActiveRecord: 4.6ms)


Started GET "/" for ::1 at 2019-09-10 14:51:52 -0700
Processing by StaticPagesController#root as HTML
  Rendering static_pages/root.html.erb within layouts/application
  Rendered static_pages/root.html.erb within layouts/application (0.2ms)
Completed 200 OK in 342ms (Views: 340.3ms | ActiveRecord: 0.0ms)


Started POST "/api/session" for ::1 at 2019-09-10 14:52:05 -0700

SyntaxError - syntax error, unexpected tINTEGER, expecting keyword_do or '{' or '('
...username/password"], status 401
...                            ^~~:
  app/controllers/api/sessions_controller.rb:15:in `'

Started GET "/" for ::1 at 2019-09-10 14:54:05 -0700
Processing by StaticPagesController#root as HTML
  Rendering static_pages/root.html.erb within layouts/application
  Rendered static_pages/root.html.erb within layouts/application (0.3ms)
Completed 200 OK in 28ms (Views: 26.4ms | ActiveRecord: 0.0ms)


Started GET "/" for ::1 at 2019-09-10 14:54:07 -0700
Processing by StaticPagesController#root as HTML
  Rendering static_pages/root.html.erb within layouts/application
  Rendered static_pages/root.html.erb within layouts/application (0.3ms)
Completed 200 OK in 24ms (Views: 22.7ms | ActiveRecord: 0.0ms)


Started POST "/api/session" for ::1 at 2019-09-10 14:54:16 -0700
Processing by Api::SessionsController#create as JSON
  Parameters: {"user"=>{"username"=>"aaa", "password"=>"[FILTERED]"}}
  [1m[36mUser Load (0.4ms)[0m  [1m[34mSELECT  "users".* FROM "users" WHERE "users"."username" = $1 LIMIT $2[0m  [["username", "aaa"], ["LIMIT", 1]]
  ↳ app/models/user.rb:40
  [1m[35m (0.2ms)[0m  [1m[35mBEGIN[0m
  ↳ app/models/user.rb:55
  [1m[36mUser Exists (0.4ms)[0m  [1m[34mSELECT  1 AS one FROM "users" WHERE "users"."username" = $1 AND "users"."id" != $2 LIMIT $3[0m  [["username", "aaa"], ["id", 1], ["LIMIT", 1]]
  ↳ app/models/user.rb:55
  [1m[36mUser Exists (0.3ms)[0m  [1m[34mSELECT  1 AS one FROM "users" WHERE "users"."session_token" = $1 AND "users"."id" != $2 LIMIT $3[0m  [["session_token", "W9MgOOnrni0i8cKgfCU4tw"], ["id", 1], ["LIMIT", 1]]
  ↳ app/models/user.rb:55
  [1m[36mUser Update (0.3ms)[0m  [1m[33mUPDATE "users" SET "session_token" = $1, "updated_at" = $2 WHERE "users"."id" = $3[0m  [["session_token", "W9MgOOnrni0i8cKgfCU4tw"], ["updated_at", "2019-09-10 21:54:16.801706"], ["id", 1]]
  ↳ app/models/user.rb:55
  [1m[35m (1.7ms)[0m  [1m[35mCOMMIT[0m
  ↳ app/models/user.rb:55
  Rendering api/sessions/show.json.jbuilder
  Rendered api/sessions/show.json.jbuilder (4.3ms)
Completed 500 Internal Server Error in 257ms (ActiveRecord: 14.9ms)



NoMethodError - undefined method `id' for nil:NilClass:
  app/views/api/sessions/show.json.jbuilder:1:in `_app_views_api_sessions_show_json_jbuilder__3630752996320357073_70307124232080'
  app/controllers/api/sessions_controller.rb:13:in `create'

Started GET "/" for ::1 at 2019-09-10 14:56:00 -0700
Processing by StaticPagesController#root as HTML
  Rendering static_pages/root.html.erb within layouts/application
  Rendered static_pages/root.html.erb within layouts/application (0.3ms)
Completed 200 OK in 32ms (Views: 30.1ms | ActiveRecord: 0.0ms)


Started POST "/api/session" for ::1 at 2019-09-10 14:56:06 -0700
Processing by Api::SessionsController#create as JSON
  Parameters: {"user"=>{"username"=>"aaa", "password"=>"[FILTERED]"}}
  [1m[36mUser Load (0.4ms)[0m  [1m[34mSELECT  "users".* FROM "users" WHERE "users"."username" = $1 LIMIT $2[0m  [["username", "aaa"], ["LIMIT", 1]]
  ↳ app/models/user.rb:40
Completed 401 Unauthorized in 243ms (Views: 0.2ms | ActiveRecord: 11.5ms)


Started GET "/" for ::1 at 2019-09-10 14:56:34 -0700
Processing by StaticPagesController#root as HTML
  Rendering static_pages/root.html.erb within layouts/application
  Rendered static_pages/root.html.erb within layouts/application (0.4ms)
Completed 200 OK in 45ms (Views: 43.1ms | ActiveRecord: 0.0ms)


Started GET "/" for ::1 at 2019-09-10 14:56:34 -0700
Processing by StaticPagesController#root as HTML
  Rendering static_pages/root.html.erb within layouts/application
  Rendered static_pages/root.html.erb within layouts/application (0.6ms)
Started GET "/" for ::1 at 2019-09-10 14:56:34 -0700
Completed 200 OK in 90ms (Views: 86.5ms | ActiveRecord: 0.0ms)


Processing by StaticPagesController#root as HTML
  Rendering static_pages/root.html.erb within layouts/application
  Rendered static_pages/root.html.erb within layouts/application (0.3ms)
Completed 200 OK in 31ms (Views: 26.3ms | ActiveRecord: 0.0ms)


Started POST "/api/users" for ::1 at 2019-09-10 14:56:51 -0700
Processing by Api::UsersController#create as JSON
  Parameters: {"user"=>{"username"=>"fff", "email"=>"f@gmail.com", "password"=>"[FILTERED]"}}
  [1m[35m (0.2ms)[0m  [1m[35mBEGIN[0m
  ↳ app/controllers/api/users_controller.rb:4
  [1m[36mUser Exists (1.2ms)[0m  [1m[34mSELECT  1 AS one FROM "users" WHERE "users"."username" = $1 LIMIT $2[0m  [["username", "fff"], ["LIMIT", 1]]
  ↳ app/controllers/api/users_controller.rb:4
  [1m[36mUser Exists (0.4ms)[0m  [1m[34mSELECT  1 AS one FROM "users" WHERE "users"."session_token" = $1 LIMIT $2[0m  [["session_token", "GlYkwIrl1Qj903lClZEIIA"], ["LIMIT", 1]]
  ↳ app/controllers/api/users_controller.rb:4
  [1m[36mUser Create (0.6ms)[0m  [1m[32mINSERT INTO "users" ("username", "email", "password_digest", "session_token", "created_at", "updated_at") VALUES ($1, $2, $3, $4, $5, $6) RETURNING "id"[0m  [["username", "fff"], ["email", "f@gmail.com"], ["password_digest", "$2a$12$feDALpx44MG65AAY5wgwR.HSF1k9oBr2gvAyEr5xaK.cqO8VV0142"], ["session_token", "GlYkwIrl1Qj903lClZEIIA"], ["created_at", "2019-09-10 21:56:51.542655"], ["updated_at", "2019-09-10 21:56:51.542655"]]
  ↳ app/controllers/api/users_controller.rb:4
  [1m[35m (1.8ms)[0m  [1m[35mCOMMIT[0m
  ↳ app/controllers/api/users_controller.rb:4
  [1m[35m (0.1ms)[0m  [1m[35mBEGIN[0m
  ↳ app/models/user.rb:55
  [1m[36mUser Exists (0.6ms)[0m  [1m[34mSELECT  1 AS one FROM "users" WHERE "users"."username" = $1 AND "users"."id" != $2 LIMIT $3[0m  [["username", "fff"], ["id", 5], ["LIMIT", 1]]
  ↳ app/models/user.rb:55
  [1m[36mUser Exists (0.8ms)[0m  [1m[34mSELECT  1 AS one FROM "users" WHERE "users"."session_token" = $1 AND "users"."id" != $2 LIMIT $3[0m  [["session_token", "IPfAloZJ2NBZCIEK6oaF7A"], ["id", 5], ["LIMIT", 1]]
  ↳ app/models/user.rb:55
  [1m[36mUser Update (0.9ms)[0m  [1m[33mUPDATE "users" SET "session_token" = $1, "updated_at" = $2 WHERE "users"."id" = $3[0m  [["session_token", "IPfAloZJ2NBZCIEK6oaF7A"], ["updated_at", "2019-09-10 21:56:51.551285"], ["id", 5]]
  ↳ app/models/user.rb:55
  [1m[35m (0.4ms)[0m  [1m[35mCOMMIT[0m
  ↳ app/models/user.rb:55
  Rendering api/users/show.json.jbuilder
  Rendered api/users/show.json.jbuilder (0.4ms)
Completed 200 OK in 238ms (Views: 4.5ms | ActiveRecord: 7.0ms)


Started POST "/api/session" for ::1 at 2019-09-10 14:57:04 -0700
Processing by Api::SessionsController#create as JSON
  Parameters: {"user"=>{"username"=>"fff", "password"=>"[FILTERED]"}}
  [1m[36mUser Load (0.5ms)[0m  [1m[34mSELECT  "users".* FROM "users" WHERE "users"."username" = $1 LIMIT $2[0m  [["username", "fff"], ["LIMIT", 1]]
  ↳ app/models/user.rb:40
Completed 401 Unauthorized in 217ms (Views: 0.2ms | ActiveRecord: 0.8ms)


Started GET "/" for ::1 at 2019-09-10 14:58:12 -0700
Processing by StaticPagesController#root as HTML
  Rendering static_pages/root.html.erb within layouts/application
  Rendered static_pages/root.html.erb within layouts/application (0.2ms)
Completed 200 OK in 30ms (Views: 29.0ms | ActiveRecord: 0.0ms)


Started GET "/" for ::1 at 2019-09-10 14:58:13 -0700
Processing by StaticPagesController#root as HTML
  Rendering static_pages/root.html.erb within layouts/application
  Rendered static_pages/root.html.erb within layouts/application (0.3ms)
Completed 200 OK in 31ms (Views: 29.6ms | ActiveRecord: 0.0ms)


Started POST "/api/session" for ::1 at 2019-09-10 14:58:20 -0700
Processing by Api::SessionsController#create as JSON
  Parameters: {"user"=>{"username"=>"fff", "password"=>"[FILTERED]"}}
  [1m[36mUser Load (0.4ms)[0m  [1m[34mSELECT  "users".* FROM "users" WHERE "users"."username" = $1 LIMIT $2[0m  [["username", "fff"], ["LIMIT", 1]]
  ↳ app/models/user.rb:40
  [1m[35m (0.1ms)[0m  [1m[35mBEGIN[0m
  ↳ app/models/user.rb:55
  [1m[36mUser Exists (1.3ms)[0m  [1m[34mSELECT  1 AS one FROM "users" WHERE "users"."username" = $1 AND "users"."id" != $2 LIMIT $3[0m  [["username", "fff"], ["id", 5], ["LIMIT", 1]]
  ↳ app/models/user.rb:55
  [1m[36mUser Exists (0.4ms)[0m  [1m[34mSELECT  1 AS one FROM "users" WHERE "users"."session_token" = $1 AND "users"."id" != $2 LIMIT $3[0m  [["session_token", "h7_b89DCNaSSEWM4xKY45w"], ["id", 5], ["LIMIT", 1]]
  ↳ app/models/user.rb:55
  [1m[36mUser Update (0.4ms)[0m  [1m[33mUPDATE "users" SET "session_token" = $1, "updated_at" = $2 WHERE "users"."id" = $3[0m  [["session_token", "h7_b89DCNaSSEWM4xKY45w"], ["updated_at", "2019-09-10 21:58:20.361653"], ["id", 5]]
  ↳ app/models/user.rb:55
  [1m[35m (0.5ms)[0m  [1m[35mCOMMIT[0m
  ↳ app/models/user.rb:55
  Rendering api/sessions/show.json.jbuilder
  Rendered api/sessions/show.json.jbuilder (0.4ms)
Completed 200 OK in 255ms (Views: 5.0ms | ActiveRecord: 13.8ms)


Started GET "/" for ::1 at 2019-09-10 14:59:22 -0700
Processing by StaticPagesController#root as HTML
  Rendering static_pages/root.html.erb within layouts/application
  Rendered static_pages/root.html.erb within layouts/application (0.4ms)
Completed 200 OK in 47ms (Views: 44.9ms | ActiveRecord: 0.0ms)


Started POST "/api/session" for ::1 at 2019-09-10 14:59:27 -0700
Processing by Api::SessionsController#create as JSON
  Parameters: {"user"=>{"username"=>"fff", "password"=>"[FILTERED]"}}
  [1m[36mUser Load (0.3ms)[0m  [1m[34mSELECT  "users".* FROM "users" WHERE "users"."username" = $1 LIMIT $2[0m  [["username", "fff"], ["LIMIT", 1]]
  ↳ app/models/user.rb:40
Completed 500 Internal Server Error in 236ms (ActiveRecord: 5.1ms)



NoMethodError - undefined method `log' for nil:NilClass:
  app/controllers/application_controller.rb:16:in `login'
  app/controllers/api/sessions_controller.rb:12:in `create'

Started GET "/" for ::1 at 2019-09-10 15:19:35 -0700
Processing by StaticPagesController#root as HTML
  Rendering static_pages/root.html.erb within layouts/application
  Rendered static_pages/root.html.erb within layouts/application (0.3ms)
Completed 200 OK in 34ms (Views: 32.3ms | ActiveRecord: 0.0ms)


Started POST "/api/session" for ::1 at 2019-09-10 15:19:59 -0700
Processing by Api::SessionsController#create as JSON
  Parameters: {"user"=>{"username"=>"aaa", "password"=>"[FILTERED]"}}
  [1m[36mUser Load (1.0ms)[0m  [1m[34mSELECT  "users".* FROM "users" WHERE "users"."username" = $1 LIMIT $2[0m  [["username", "aaa"], ["LIMIT", 1]]
  ↳ app/models/user.rb:40
  [1m[35m (0.1ms)[0m  [1m[35mBEGIN[0m
  ↳ app/models/user.rb:55
  [1m[36mUser Exists (0.4ms)[0m  [1m[34mSELECT  1 AS one FROM "users" WHERE "users"."username" = $1 AND "users"."id" != $2 LIMIT $3[0m  [["username", "aaa"], ["id", 1], ["LIMIT", 1]]
  ↳ app/models/user.rb:55
  [1m[36mUser Exists (0.3ms)[0m  [1m[34mSELECT  1 AS one FROM "users" WHERE "users"."session_token" = $1 AND "users"."id" != $2 LIMIT $3[0m  [["session_token", "5IBaZKoQ1Gb0l62qNgoCTQ"], ["id", 1], ["LIMIT", 1]]
  ↳ app/models/user.rb:55
  [1m[36mUser Update (0.5ms)[0m  [1m[33mUPDATE "users" SET "session_token" = $1, "updated_at" = $2 WHERE "users"."id" = $3[0m  [["session_token", "5IBaZKoQ1Gb0l62qNgoCTQ"], ["updated_at", "2019-09-10 22:19:59.978790"], ["id", 1]]
  ↳ app/models/user.rb:55
  [1m[35m (8.2ms)[0m  [1m[35mCOMMIT[0m
  ↳ app/models/user.rb:55
  Rendering api/sessions/show.json.jbuilder
  Rendered api/sessions/show.json.jbuilder (0.4ms)
Completed 200 OK in 253ms (Views: 6.5ms | ActiveRecord: 19.8ms)


Started GET "/" for ::1 at 2019-09-10 15:22:27 -0700
Processing by StaticPagesController#root as HTML
  Rendering static_pages/root.html.erb within layouts/application
  Rendered static_pages/root.html.erb within layouts/application (0.5ms)
Completed 200 OK in 341ms (Views: 339.6ms | ActiveRecord: 0.0ms)


Started GET "/" for ::1 at 2019-09-10 15:23:30 -0700
Processing by StaticPagesController#root as HTML
  Rendering static_pages/root.html.erb within layouts/application
  Rendered static_pages/root.html.erb within layouts/application (0.3ms)
Completed 200 OK in 23ms (Views: 21.5ms | ActiveRecord: 0.0ms)


Started GET "/" for ::1 at 2019-09-10 15:33:30 -0700
Processing by StaticPagesController#root as HTML
  Rendering static_pages/root.html.erb within layouts/application
  Rendered static_pages/root.html.erb within layouts/application (0.3ms)
Completed 200 OK in 370ms (Views: 368.6ms | ActiveRecord: 0.0ms)


Started GET "/" for ::1 at 2019-09-10 15:34:18 -0700
Processing by StaticPagesController#root as HTML
  Rendering static_pages/root.html.erb within layouts/application
  Rendered static_pages/root.html.erb within layouts/application (0.4ms)
Completed 200 OK in 349ms (Views: 347.1ms | ActiveRecord: 0.0ms)


Started GET "/" for ::1 at 2019-09-10 15:35:35 -0700
Processing by StaticPagesController#root as HTML
  Rendering static_pages/root.html.erb within layouts/application
  Rendered static_pages/root.html.erb within layouts/application (0.3ms)
Completed 200 OK in 342ms (Views: 340.9ms | ActiveRecord: 0.0ms)


Started POST "/api/session" for ::1 at 2019-09-10 15:35:47 -0700
Processing by Api::SessionsController#create as JSON
  Parameters: {"user"=>{"username"=>"aaa", "password"=>"[FILTERED]"}}
  [1m[36mUser Load (1.3ms)[0m  [1m[34mSELECT  "users".* FROM "users" WHERE "users"."username" = $1 LIMIT $2[0m  [["username", "aaa"], ["LIMIT", 1]]
  ↳ app/models/user.rb:40
  [1m[35m (0.2ms)[0m  [1m[35mBEGIN[0m
  ↳ app/models/user.rb:55
  [1m[36mUser Exists (0.4ms)[0m  [1m[34mSELECT  1 AS one FROM "users" WHERE "users"."username" = $1 AND "users"."id" != $2 LIMIT $3[0m  [["username", "aaa"], ["id", 1], ["LIMIT", 1]]
  ↳ app/models/user.rb:55
  [1m[36mUser Exists (0.4ms)[0m  [1m[34mSELECT  1 AS one FROM "users" WHERE "users"."session_token" = $1 AND "users"."id" != $2 LIMIT $3[0m  [["session_token", "fH3-hPrPzV-oZ-_A8_X8JQ"], ["id", 1], ["LIMIT", 1]]
  ↳ app/models/user.rb:55
  [1m[36mUser Update (0.5ms)[0m  [1m[33mUPDATE "users" SET "session_token" = $1, "updated_at" = $2 WHERE "users"."id" = $3[0m  [["session_token", "fH3-hPrPzV-oZ-_A8_X8JQ"], ["updated_at", "2019-09-10 22:35:47.943610"], ["id", 1]]
  ↳ app/models/user.rb:55
  [1m[35m (8.2ms)[0m  [1m[35mCOMMIT[0m
  ↳ app/models/user.rb:55
  Rendering api/sessions/show.json.jbuilder
  Rendered api/sessions/show.json.jbuilder (0.5ms)
Completed 200 OK in 236ms (Views: 7.8ms | ActiveRecord: 11.3ms)


